0 verbose cli C:\Program Files\nodejs\node.exe C:\Users\deven\AppData\Roaming\npm\node_modules\npm\bin\npm-cli.js
1 info using npm@11.3.0
2 info using node@v23.6.0
3 silly config load:file:C:\Users\deven\AppData\Roaming\npm\node_modules\npm\npmrc
4 warn Unknown cli config "--fix". This will stop working in the next major version of npm.
5 silly config load:file:D:\Code\Gygg\gygg-platform\frontend\.npmrc
6 silly config load:file:C:\Users\deven\.npmrc
7 silly config load:file:C:\Users\deven\AppData\Roaming\npm\etc\npmrc
8 verbose title npm run lint .eslintcache
9 verbose argv "run" "lint" "--fix" "--cache" "--cache-location" ".eslintcache"
10 verbose logfile logs-max:10 dir:D:\Code\Gygg\gygg-platform\frontend\--cache-location\_logs\2025-06-21T19_38_48_093Z-
11 verbose logfile D:\Code\Gygg\gygg-platform\frontend\--cache-location\_logs\2025-06-21T19_38_48_093Z-debug-0.log
12 silly logfile done cleaning log files
13 http fetch GET 200 https://registry.npmjs.org/npm 282ms
14 verbose cwd D:\Code\Gygg\gygg-platform\frontend
15 verbose os Windows_NT 10.0.26100
16 verbose node v23.6.0
17 verbose npm  v11.3.0
18 notice
18 notice New [33mminor[39m version of npm available! [33m11.3.0[39m -> [34m11.4.2[39m
18 notice Changelog: [34mhttps://github.com/npm/cli/releases/tag/v11.4.2[39m
18 notice To update run: [4mnpm install -g npm@11.4.2[24m
18 notice  { force: true, [Symbol(proc-log.meta)]: true }
19 verbose exit 2
20 verbose code 2
